[debug] [2024-11-26T16:37:58.259Z] ----------------------------------------------------------------------
[debug] [2024-11-26T16:37:58.263Z] Command:       /Users/macbook/.nvm/versions/node/v20.12.2/bin/node /Users/macbook/.nvm/versions/node/v20.12.2/bin/firebase deploy
[debug] [2024-11-26T16:37:58.263Z] CLI Version:   13.23.0
[debug] [2024-11-26T16:37:58.263Z] Platform:      darwin
[debug] [2024-11-26T16:37:58.263Z] Node Version:  v20.12.2
[debug] [2024-11-26T16:37:58.263Z] Time:          Tue Nov 26 2024 17:37:58 GMT+0100 (West Africa Standard Time)
[debug] [2024-11-26T16:37:58.263Z] ----------------------------------------------------------------------
[debug] 
[debug] [2024-11-26T16:37:58.340Z] > command requires scopes: ["email","openid","https://www.googleapis.com/auth/cloudplatformprojects.readonly","https://www.googleapis.com/auth/firebase","https://www.googleapis.com/auth/cloud-platform"]
[debug] [2024-11-26T16:37:58.341Z] > authorizing via signed-in user (chiisom03@gmail.com)
[debug] [2024-11-26T16:37:58.341Z] [iam] checking project cynegie-hr for permissions ["firebase.projects.get","firebasehosting.sites.update"]
[debug] [2024-11-26T16:37:58.342Z] Checked if tokens are valid: true, expires at: 1732641799862
[debug] [2024-11-26T16:37:58.342Z] Checked if tokens are valid: true, expires at: 1732641799862
[debug] [2024-11-26T16:37:58.343Z] >>> [apiv2][query] POST https://cloudresourcemanager.googleapis.com/v1/projects/cynegie-hr:testIamPermissions [none]
[debug] [2024-11-26T16:37:58.343Z] >>> [apiv2][(partial)header] POST https://cloudresourcemanager.googleapis.com/v1/projects/cynegie-hr:testIamPermissions x-goog-quota-user=projects/cynegie-hr
[debug] [2024-11-26T16:37:58.343Z] >>> [apiv2][body] POST https://cloudresourcemanager.googleapis.com/v1/projects/cynegie-hr:testIamPermissions {"permissions":["firebase.projects.get","firebasehosting.sites.update"]}
[debug] [2024-11-26T16:37:59.795Z] <<< [apiv2][status] POST https://cloudresourcemanager.googleapis.com/v1/projects/cynegie-hr:testIamPermissions 200
[debug] [2024-11-26T16:37:59.795Z] <<< [apiv2][body] POST https://cloudresourcemanager.googleapis.com/v1/projects/cynegie-hr:testIamPermissions {"permissions":["firebase.projects.get","firebasehosting.sites.update"]}
[debug] [2024-11-26T16:37:59.796Z] Checked if tokens are valid: true, expires at: 1732641799862
[debug] [2024-11-26T16:37:59.796Z] Checked if tokens are valid: true, expires at: 1732641799862
[debug] [2024-11-26T16:37:59.797Z] >>> [apiv2][query] GET https://firebase.googleapis.com/v1beta1/projects/cynegie-hr [none]
[debug] [2024-11-26T16:38:01.037Z] <<< [apiv2][status] GET https://firebase.googleapis.com/v1beta1/projects/cynegie-hr 200
[debug] [2024-11-26T16:38:01.037Z] <<< [apiv2][body] GET https://firebase.googleapis.com/v1beta1/projects/cynegie-hr {"projectId":"cynegie-hr","projectNumber":"435147594579","displayName":"Cynegie Hr","name":"projects/cynegie-hr","resources":{"hostingSite":"cynegie-hr"},"state":"ACTIVE","etag":"1_99522986-1f3a-4d90-a311-80489226f427"}
[info] 
   Thank you for trying our early preview of Next.js support on Firebase Hosting.
   During the preview, support is best-effort and breaking changes can be expected. Proceed with caution.
   The integration is known to work with Next.js version 12 - 14.0. You may encounter errors.

   Documentation: https://firebase.google.com/docs/hosting/frameworks/nextjs
   File a bug: https://github.com/firebase/firebase-tools/issues/new?template=bug_report.md
   Submit a feature request: https://github.com/firebase/firebase-tools/issues/new?template=feature_request.md

   We'd love to learn from you. Express your interest in helping us shape the future of Firebase Hosting: https://goo.gle/41enW5X

[debug] [2024-11-26T16:38:10.496Z] Checked if tokens are valid: true, expires at: 1732641799862
[debug] [2024-11-26T16:38:10.496Z] Checked if tokens are valid: true, expires at: 1732641799862
[debug] [2024-11-26T16:38:10.496Z] >>> [apiv2][query] GET https://firebasehosting.googleapis.com/v1beta1/projects/cynegie-hr/sites/cynegie-hr [none]
[debug] [2024-11-26T16:38:11.974Z] <<< [apiv2][status] GET https://firebasehosting.googleapis.com/v1beta1/projects/cynegie-hr/sites/cynegie-hr 200
[debug] [2024-11-26T16:38:11.974Z] <<< [apiv2][body] GET https://firebasehosting.googleapis.com/v1beta1/projects/cynegie-hr/sites/cynegie-hr {"name":"projects/cynegie-hr/sites/cynegie-hr","defaultUrl":"https://cynegie-hr.web.app","type":"DEFAULT_SITE"}
[info]    ▲ Next.js 15.0.3

[info] 

[info]    Creating an optimized production build ...

